# Logfile created on 2014-01-06 21:37:48 -0800 by logger.rb/41954
I, [2014-01-06T21:37:48.918024 #10698]  INFO -- : 0:  rake (10.1.1) from /Users/scottmac2/.rbenv/versions/2.0.0-p353/lib/ruby/gems/2.0.0/specifications/rake-10.1.1.gemspec
I, [2014-01-06T21:38:05.865933 #10698]  INFO -- : 0:  RedCloth (4.2.9) from /Users/scottmac2/.rbenv/versions/2.0.0-p353/lib/ruby/gems/2.0.0/specifications/RedCloth-4.2.9.gemspec
I, [2014-01-06T21:38:05.880105 #10698]  INFO -- : 0:  blankslate (2.1.2.4) from /Users/scottmac2/.rbenv/versions/2.0.0-p353/lib/ruby/gems/2.0.0/specifications/blankslate-2.1.2.4.gemspec
I, [2014-01-06T21:38:05.880629 #10698]  INFO -- : 0:  fast-stemmer (1.0.2) from /Users/scottmac2/.rbenv/versions/2.0.0-p353/lib/ruby/gems/2.0.0/specifications/fast-stemmer-1.0.2.gemspec
I, [2014-01-06T21:38:05.881379 #10698]  INFO -- : 0:  classifier (1.3.4) from /Users/scottmac2/.rbenv/versions/2.0.0-p353/lib/ruby/gems/2.0.0/specifications/classifier-1.3.4.gemspec
I, [2014-01-06T21:38:05.881873 #10698]  INFO -- : 0:  colorator (0.1) from /Users/scottmac2/.rbenv/versions/2.0.0-p353/lib/ruby/gems/2.0.0/specifications/colorator-0.1.gemspec
I, [2014-01-06T21:38:05.882315 #10698]  INFO -- : 0:  highline (1.6.20) from /Users/scottmac2/.rbenv/versions/2.0.0-p353/lib/ruby/gems/2.0.0/specifications/highline-1.6.20.gemspec
I, [2014-01-06T21:38:05.882732 #10698]  INFO -- : 0:  commander (4.1.5) from /Users/scottmac2/.rbenv/versions/2.0.0-p353/lib/ruby/gems/2.0.0/specifications/commander-4.1.5.gemspec
I, [2014-01-06T21:38:06.363586 #10698]  INFO -- : 0:  execjs (2.0.2) from /Users/scottmac2/.rbenv/versions/2.0.0-p353/lib/ruby/gems/2.0.0/specifications/execjs-2.0.2.gemspec
I, [2014-01-06T21:38:06.364183 #10698]  INFO -- : 0:  ffi (1.9.3) from /Users/scottmac2/.rbenv/versions/2.0.0-p353/lib/ruby/gems/2.0.0/specifications/ffi-1.9.3.gemspec
I, [2014-01-06T21:38:06.364623 #10698]  INFO -- : 0:  liquid (2.5.4) from /Users/scottmac2/.rbenv/versions/2.0.0-p353/lib/ruby/gems/2.0.0/specifications/liquid-2.5.4.gemspec
I, [2014-01-06T21:38:06.365041 #10698]  INFO -- : 0:  rb-fsevent (0.9.4) from /Users/scottmac2/.rbenv/versions/2.0.0-p353/lib/ruby/gems/2.0.0/specifications/rb-fsevent-0.9.4.gemspec
I, [2014-01-06T21:38:06.365477 #10698]  INFO -- : 0:  rb-inotify (0.9.3) from /Users/scottmac2/.rbenv/versions/2.0.0-p353/lib/ruby/gems/2.0.0/specifications/rb-inotify-0.9.3.gemspec
I, [2014-01-06T21:38:06.365920 #10698]  INFO -- : 0:  rb-kqueue (0.2.0) from /Users/scottmac2/.rbenv/versions/2.0.0-p353/lib/ruby/gems/2.0.0/specifications/rb-kqueue-0.2.0.gemspec
I, [2014-01-06T21:38:06.366382 #10698]  INFO -- : 0:  listen (1.3.1) from /Users/scottmac2/.rbenv/versions/2.0.0-p353/lib/ruby/gems/2.0.0/specifications/listen-1.3.1.gemspec
I, [2014-01-06T21:38:06.366819 #10698]  INFO -- : 0:  maruku (0.7.0) from /Users/scottmac2/.rbenv/versions/2.0.0-p353/lib/ruby/gems/2.0.0/specifications/maruku-0.7.0.gemspec
I, [2014-01-06T21:38:06.367255 #10698]  INFO -- : 0:  posix-spawn (0.3.8) from /Users/scottmac2/.rbenv/versions/2.0.0-p353/lib/ruby/gems/2.0.0/specifications/posix-spawn-0.3.8.gemspec
I, [2014-01-06T21:38:06.367693 #10698]  INFO -- : 0:  yajl-ruby (1.1.0) from /Users/scottmac2/.rbenv/versions/2.0.0-p353/lib/ruby/gems/2.0.0/specifications/yajl-ruby-1.1.0.gemspec
I, [2014-01-06T21:38:06.368138 #10698]  INFO -- : 0:  pygments.rb (0.5.4) from /Users/scottmac2/.rbenv/versions/2.0.0-p353/lib/ruby/gems/2.0.0/specifications/pygments.rb-0.5.4.gemspec
I, [2014-01-06T21:38:06.368574 #10698]  INFO -- : 0:  redcarpet (2.3.0) from /Users/scottmac2/.rbenv/versions/2.0.0-p353/lib/ruby/gems/2.0.0/specifications/redcarpet-2.3.0.gemspec
I, [2014-01-06T21:38:06.369005 #10698]  INFO -- : 0:  safe_yaml (0.9.7) from /Users/scottmac2/.rbenv/versions/2.0.0-p353/lib/ruby/gems/2.0.0/specifications/safe_yaml-0.9.7.gemspec
I, [2014-01-06T21:38:06.369437 #10698]  INFO -- : 0:  parslet (1.5.0) from /Users/scottmac2/.rbenv/versions/2.0.0-p353/lib/ruby/gems/2.0.0/specifications/parslet-1.5.0.gemspec
I, [2014-01-06T21:38:06.369875 #10698]  INFO -- : 0:  toml (0.1.0) from /Users/scottmac2/.rbenv/versions/2.0.0-p353/lib/ruby/gems/2.0.0/specifications/toml-0.1.0.gemspec
I, [2014-01-06T21:38:06.370443 #10698]  INFO -- : 0:  jekyll (1.4.2) from /Users/scottmac2/.rbenv/versions/2.0.0-p353/lib/ruby/gems/2.0.0/specifications/jekyll-1.4.2.gemspec
I, [2014-01-06T21:38:07.959648 #10698]  INFO -- : 0:  kramdown (1.2.0) from /Users/scottmac2/.rbenv/versions/2.0.0-p353/lib/ruby/gems/2.0.0/specifications/kramdown-1.2.0.gemspec
I, [2014-01-06T21:38:07.960293 #10698]  INFO -- : 0:  rdiscount (2.1.7) from /Users/scottmac2/.rbenv/versions/2.0.0-p353/lib/ruby/gems/2.0.0/specifications/rdiscount-2.1.7.gemspec
I, [2014-01-06T21:38:08.404404 #10698]  INFO -- : 0:  github-pages (12) from /Users/scottmac2/.rbenv/versions/2.0.0-p353/lib/ruby/gems/2.0.0/specifications/github-pages-12.gemspec
I, [2014-01-06T21:38:08.832801 #10698]  INFO -- : 0:  hike (1.2.3) from /Users/scottmac2/.rbenv/versions/2.0.0-p353/lib/ruby/gems/2.0.0/specifications/hike-1.2.3.gemspec
I, [2014-01-06T21:38:08.833259 #10698]  INFO -- : 0:  multi_json (1.8.2) from /Users/scottmac2/.rbenv/versions/2.0.0-p353/lib/ruby/gems/2.0.0/specifications/multi_json-1.8.2.gemspec
I, [2014-01-06T21:38:10.340703 #10698]  INFO -- : 0:  rack (1.5.2) from /Users/scottmac2/.rbenv/versions/2.0.0-p353/lib/ruby/gems/2.0.0/specifications/rack-1.5.2.gemspec
I, [2014-01-06T21:38:11.313281 #10698]  INFO -- : 0:  tilt (1.4.1) from /Users/scottmac2/.rbenv/versions/2.0.0-p353/lib/ruby/gems/2.0.0/specifications/tilt-1.4.1.gemspec
I, [2014-01-06T21:38:11.816604 #10698]  INFO -- : 0:  sprockets (2.10.1) from /Users/scottmac2/.rbenv/versions/2.0.0-p353/lib/ruby/gems/2.0.0/specifications/sprockets-2.10.1.gemspec
I, [2014-01-06T21:38:12.438134 #10698]  INFO -- : 0:  jekyll-assets (0.7.4) from /Users/scottmac2/.rbenv/versions/2.0.0-p353/lib/ruby/gems/2.0.0/specifications/jekyll-assets-0.7.4.gemspec
I, [2014-01-06T21:38:12.438876 #10698]  INFO -- : 0:  json (1.8.1) from /Users/scottmac2/.rbenv/versions/2.0.0-p353/lib/ruby/gems/2.0.0/specifications/json-1.8.1.gemspec
I, [2014-01-06T21:38:59.860255 #10698]  INFO -- : 0:  libv8 (3.16.14.3) from /Users/scottmac2/.rbenv/versions/2.0.0-p353/lib/ruby/gems/2.0.0/specifications/libv8-3.16.14.3-x86_64-darwin-13.gemspec
I, [2014-01-06T21:39:05.316100 #10698]  INFO -- : 0:  ref (1.0.5) from /Users/scottmac2/.rbenv/versions/2.0.0-p353/lib/ruby/gems/2.0.0/specifications/ref-1.0.5.gemspec
I, [2014-01-06T21:39:16.103373 #10698]  INFO -- : 0:  sass (3.2.13) from /Users/scottmac2/.rbenv/versions/2.0.0-p353/lib/ruby/gems/2.0.0/specifications/sass-3.2.13.gemspec
I, [2014-01-06T21:40:16.930886 #10698]  INFO -- : 0:  therubyracer (0.12.0) from /Users/scottmac2/.rbenv/versions/2.0.0-p353/lib/ruby/gems/2.0.0/specifications/therubyracer-0.12.0.gemspec
I, [2014-01-06T21:40:20.350800 #10698]  INFO -- : 0:  uglifier (2.4.0) from /Users/scottmac2/.rbenv/versions/2.0.0-p353/lib/ruby/gems/2.0.0/specifications/uglifier-2.4.0.gemspec
I, [2014-01-06T21:40:20.351393 #10698]  INFO -- : 0:  bundler (1.5.1) from /Users/scottmac2/.rbenv/versions/2.0.0-p353/lib/ruby/gems/2.0.0/specifications/bundler-1.5.1.gemspec
